<?xml version="1.0" encoding="UTF-8"?>
<!-- Generated by org.testng.reporters.JUnitReportReporter -->
<testsuite hostname="DESKTOP-RJTQ5TB" failures="0" tests="5" name="Annotation.LearnDependsOnMethods" time="1.053" errors="1" timestamp="2022-09-11T10:52:18 IST" skipped="1">
  <testcase classname="Annotation.LearnDependsOnMethods" name="createLead" time="0.003"/>
  <system-out/>
  <testcase classname="Annotation.LearnDependsOnMethods" name="login" time="1.039">
    <error message="Method Annotation.LearnDependsOnMethods.login() didn&#039;t finish within the time-out 1000" type="org.testng.internal.thread.ThreadTimeoutException">
      <![CDATA[org.testng.internal.thread.ThreadTimeoutException: Method Annotation.LearnDependsOnMethods.login() didn't finish within the time-out 1000
at java.base@16.0.1/java.lang.Thread.sleep(Native Method)
at app//Annotation.LearnDependsOnMethods.login(LearnDependsOnMethods.java:30)
at java.base@16.0.1/jdk.internal.reflect.NativeMethodAccessorImpl.invoke0(Native Method)
at java.base@16.0.1/jdk.internal.reflect.NativeMethodAccessorImpl.invoke(NativeMethodAccessorImpl.java:78)
at java.base@16.0.1/jdk.internal.reflect.DelegatingMethodAccessorImpl.invoke(DelegatingMethodAccessorImpl.java:43)
at java.base@16.0.1/java.lang.reflect.Method.invoke(Method.java:567)
at app//org.testng.internal.invokers.MethodInvocationHelper.invokeMethod(MethodInvocationHelper.java:139)
at app//org.testng.internal.invokers.InvokeMethodRunnable.runOne(InvokeMethodRunnable.java:47)
at app//org.testng.internal.invokers.InvokeMethodRunnable.call(InvokeMethodRunnable.java:76)
at app//org.testng.internal.invokers.InvokeMethodRunnable.call(InvokeMethodRunnable.java:11)
at java.base@16.0.1/java.util.concurrent.FutureTask.run(FutureTask.java:264)
at java.base@16.0.1/java.util.concurrent.ThreadPoolExecutor.runWorker(ThreadPoolExecutor.java:1130)
at java.base@16.0.1/java.util.concurrent.ThreadPoolExecutor$Worker.run(ThreadPoolExecutor.java:630)
at java.base@16.0.1/java.lang.Thread.run(Thread.java:831)
]]>
    </error>
  </testcase> <!-- login -->
  <system-out/>
  <testcase classname="Annotation.LearnDependsOnMethods" name="editLead" time="0.004"/>
  <system-out/>
  <testcase classname="Annotation.LearnDependsOnMethods" name="mergeLead" time="0.007"/>
  <system-out/>
  <testcase classname="Annotation.LearnDependsOnMethods" name="deleteLead" time="0.000">
    <skipped/>
  </testcase> <!-- deleteLead -->
  <system-out/>
</testsuite> <!-- Annotation.LearnDependsOnMethods -->
