<?xml version="1.0" encoding="UTF-8"?>
<!-- Generated by org.testng.reporters.JUnitReportReporter -->
<testsuite hostname="DESKTOP-RJTQ5TB" failures="0" tests="5" name="Annotation.LearnAttributes" time="0.080" errors="0" timestamp="2022-09-11T10:00:45 IST" skipped="1">
  <testcase classname="Annotation.LearnAttributes" name="classD" time="0.057"/>
  <system-out/>
  <testcase classname="Annotation.LearnAttributes" name="classN" time="0.004"/>
  <system-out/>
  <testcase classname="Annotation.LearnAttributes" name="classY" time="0.002"/>
  <system-out/>
  <testcase classname="Annotation.LearnAttributes" name="classA" time="0.017"/>
  <system-out/>
  <testcase classname="Annotation.LearnAttributes" name="classM">
    <skipped/>
  </testcase> <!-- classM -->
  <system-out/>
</testsuite> <!-- Annotation.LearnAttributes -->
