<?xml version="1.0" encoding="UTF-8"?>
<!-- Generated by org.testng.reporters.JUnitReportReporter -->
<testsuite hostname="DESKTOP-RJTQ5TB" failures="0" tests="2" name="Annotation.LearnAnnotation" time="0.043" errors="0" timestamp="2022-09-11T10:52:18 IST" skipped="0">
  <testcase classname="Annotation.LearnAnnotation" name="Test2" time="0.015"/>
  <system-out/>
  <testcase classname="Annotation.LearnAnnotation" name="Test1" time="0.028"/>
  <system-out/>
</testsuite> <!-- Annotation.LearnAnnotation -->
