<?xml version="1.0" encoding="UTF-8"?>
<!-- Generated by org.testng.reporters.JUnitReportReporter -->
<testsuite hostname="DESKTOP-RJTQ5TB" failures="0" tests="9" name="Annotation.LearnAttribute2" time="0.109" errors="0" timestamp="2022-09-11T10:03:36 IST" skipped="0">
  <testcase classname="Annotation.LearnAttribute2" name="createLead" time="0.023"/>
  <system-out/>
  <testcase classname="Annotation.LearnAttribute2" name="deleteLead" time="0.001"/>
  <system-out/>
  <testcase classname="Annotation.LearnAttribute2" name="editLead" time="0.005"/>
  <system-out/>
  <testcase classname="Annotation.LearnAttribute2" name="createLead" time="0.025"/>
  <system-out/>
  <testcase classname="Annotation.LearnAttribute2" name="createLead" time="0.025"/>
  <system-out/>
  <testcase classname="Annotation.LearnAttribute2" name="login" time="0.002"/>
  <system-out/>
  <testcase classname="Annotation.LearnAttribute2" name="createLead" time="0.009"/>
  <system-out/>
  <testcase classname="Annotation.LearnAttribute2" name="mergeLead" time="0.003"/>
  <system-out/>
  <testcase classname="Annotation.LearnAttribute2" name="createLead" time="0.016"/>
  <system-out/>
</testsuite> <!-- Annotation.LearnAttribute2 -->
