<?xml version="1.0" encoding="UTF-8"?>
<!-- Generated by org.testng.reporters.JUnitReportReporter -->
<testsuite hostname="DESKTOP-RJTQ5TB" failures="0" tests="2" name="testcase.CreateLead" time="41.578" errors="0" timestamp="2022-09-11T13:21:03 IST" skipped="0">
  <testcase classname="testcase.CreateLead" name="runCreate" time="24.239"/>
  <system-out/>
  <testcase classname="testcase.CreateLead" name="runCreate" time="17.339"/>
  <system-out/>
</testsuite> <!-- testcase.CreateLead -->
