<?xml version="1.0" encoding="UTF-8"?>
<!-- Generated by org.testng.reporters.JUnitReportReporter -->
<testsuite hostname="DESKTOP-RJTQ5TB" failures="0" tests="1" name="testcase.DuplicateLead" time="47.312" errors="0" timestamp="2022-09-11T09:00:07 IST" skipped="0">
  <testcase classname="testcase.DuplicateLead" name="main" time="47.312"/>
  <system-out/>
</testsuite> <!-- testcase.DuplicateLead -->
